============================================================
  Generated by:           Genus(TM) Synthesis Solution 21.14-s082_1
  Generated on:           Apr 06 2026  06:17:00 pm
  Module:                 sram_1KB_bank_lp
  Operating conditions:   slow (balanced_tree)
  Wireload mode:          enclosed
  Area mode:              timing library
============================================================


Path 1: MET (4359 ps) Late External Delay Assertion at pin dout[0]
          Group: clk
     Startpoint: (R) dout_reg[0]/CK
          Clock: (R) clk
       Endpoint: (F) dout[0]
          Clock: (R) clk

                     Capture       Launch     
        Clock Edge:+   10000            0     
       Src Latency:+       0            0     
       Net Latency:+       0 (I)        0 (I) 
           Arrival:=   10000            0     
                                              
      Output Delay:-    5000                  
       Uncertainty:-     200                  
     Required Time:=    4800                  
      Launch Clock:-       0                  
         Data Path:-     441                  
             Slack:=    4359                  

Exceptions/Constraints:
  output_delay             5000            constraints.sdc_line_23_72_1 

#---------------------------------------------------------------------------------------
# Timing Point   Flags   Arc   Edge   Cell     Fanout Load Trans Delay Arrival Instance 
#                                                     (fF)  (ps)  (ps)   (ps)  Location 
#---------------------------------------------------------------------------------------
  dout_reg[0]/CK -       -     R     (arrival)     32    -     0     0       0    (-,-) 
  dout_reg[0]/Q  -       CK->Q F     DFFQX2         1 50.0   425   441     441    (-,-) 
  dout[0]        <<<     -     F     (port)         -    -     -     0     441    (-,-) 
#---------------------------------------------------------------------------------------

